172732.832106 0 4096
172732.832106 1 4096
172732.832235 1 4096
172732.832235 0 4096
172732.832389 0 4096
172732.832389 1 4096
172732.832498 1 4096
172732.832498 0 4096
172732.832541 0 4096
172732.832541 1 4096
172732.832648 1 4096
172732.832648 0 4096
172734.211516 0 36864
172734.211516 1 36864
172734.211629 1 36864
172734.211629 0 36864
172734.212048 0 20480
172734.212048 1 20480
172734.212121 1 20480
172734.212121 0 20480
172734.213892 0 12288
172734.213892 1 12288
172734.214356 1 12288
172734.214356 0 12288
172734.215614 0 8192
172734.215614 1 8192
172734.215689 1 8192
172734.215689 0 8192
172734.217376 0 4096
172734.217376 1 4096
172734.217975 1 4096
172734.217975 0 4096
172734.219182 0 28672
172734.219182 1 28672
172734.219275 1 28672
172734.219275 0 28672
172734.221138 0 8192
172734.221138 1 8192
172734.221712 1 8192
172734.221712 0 8192
172734.222733 0 16384
172734.222733 1 16384
172734.222798 1 16384
172734.222798 0 16384
172734.201314 0 16384
172734.201314 1 16384
172734.201776 1 16384
172734.201776 0 16384
